2018-11-12 13:27:17 Error: [Error] Call to a member function find() on boolean
Request URL: /users
Referer URL: http://localhost:8765/
Client IP: 127.0.0.1
Stack Trace:
#0 [internal function]: App\Controller\UsersController->index()
#1 /var/www/essentialmastering/vendor/cakephp/cakephp/src/Controller/Controller.php(435): call_user_func_array(Array, Array)
#2 /var/www/essentialmastering/vendor/cakephp/cakephp/src/Http/ActionDispatcher.php(122): Cake\Controller\Controller->invokeAction()
#3 /var/www/essentialmastering/vendor/cakephp/cakephp/src/Http/ActionDispatcher.php(96): Cake\Http\ActionDispatcher->_invoke(Object(App\Controller\UsersController))
#4 /var/www/essentialmastering/vendor/cakephp/cakephp/src/Http/BaseApplication.php(83): Cake\Http\ActionDispatcher->dispatch(Object(Cake\Network\Request), Object(Cake\Network\Response))
#5 /var/www/essentialmastering/vendor/cakephp/cakephp/src/Http/Runner.php(65): Cake\Http\BaseApplication->__invoke(Object(Zend\Diactoros\ServerRequest), Object(Zend\Diactoros\Response), Object(Cake\Http\Runner))
#6 /var/www/essentialmastering/vendor/cakephp/cakephp/src/Routing/Middleware/RoutingMiddleware.php(52): Cake\Http\Runner->__invoke(Object(Zend\Diactoros\ServerRequest), Object(Zend\Diactoros\Response))
#7 /var/www/essentialmastering/vendor/cakephp/cakephp/src/Http/Runner.php(65): Cake\Routing\Middleware\RoutingMiddleware->__invoke(Object(Zend\Diactoros\ServerRequest), Object(Zend\Diactoros\Response), Object(Cake\Http\Runner))
#8 /var/www/essentialmastering/vendor/cakephp/cakephp/src/Routing/Middleware/AssetMiddleware.php(88): Cake\Http\Runner->__invoke(Object(Zend\Diactoros\ServerRequest), Object(Zend\Diactoros\Response))
#9 /var/www/essentialmastering/vendor/cakephp/cakephp/src/Http/Runner.php(65): Cake\Routing\Middleware\AssetMiddleware->__invoke(Object(Zend\Diactoros\ServerRequest), Object(Zend\Diactoros\Response), Object(Cake\Http\Runner))
#10 /var/www/essentialmastering/vendor/cakephp/cakephp/src/Error/Middleware/ErrorHandlerMiddleware.php(52): Cake\Http\Runner->__invoke(Object(Zend\Diactoros\ServerRequest), Object(Zend\Diactoros\Response))
#11 /var/www/essentialmastering/vendor/cakephp/cakephp/src/Http/Runner.php(65): Cake\Error\Middleware\ErrorHandlerMiddleware->__invoke(Object(Zend\Diactoros\ServerRequest), Object(Zend\Diactoros\Response), Object(Cake\Http\Runner))
#12 /var/www/essentialmastering/vendor/cakephp/cakephp/src/Http/Runner.php(51): Cake\Http\Runner->__invoke(Object(Zend\Diactoros\ServerRequest), Object(Zend\Diactoros\Response))
#13 /var/www/essentialmastering/vendor/cakephp/cakephp/src/Http/Server.php(82): Cake\Http\Runner->run(Object(Cake\Http\MiddlewareQueue), Object(Zend\Diactoros\ServerRequest), Object(Zend\Diactoros\Response))
#14 /var/www/essentialmastering/webroot/index.php(37): Cake\Http\Server->run()
#15 {main}


2018-11-13 10:36:34 Warning: Warning (2): Invalid argument supplied for foreach() in [/var/www/essentialmastering/src/Template/Users/dashboard.ctp, line 69]
Request URL: /users/dashboard
Referer URL: http://localhost:8765/
Client IP: 127.0.0.1
Trace:
Cake\Error\BaseErrorHandler::handleError() - CORE/src/Error/BaseErrorHandler.php, line 146
include - APP/Template/Users/dashboard.ctp, line 69
Cake\View\View::_evaluate() - CORE/src/View/View.php, line 1008
Cake\View\View::_render() - CORE/src/View/View.php, line 967
Cake\View\View::render() - CORE/src/View/View.php, line 591
Cake\Controller\Controller::render() - CORE/src/Controller/Controller.php, line 617
Cake\Http\ActionDispatcher::_invoke() - CORE/src/Http/ActionDispatcher.php, line 128
Cake\Http\ActionDispatcher::dispatch() - CORE/src/Http/ActionDispatcher.php, line 96
Cake\Http\BaseApplication::__invoke() - CORE/src/Http/BaseApplication.php, line 83
Cake\Http\Runner::__invoke() - CORE/src/Http/Runner.php, line 65
Cake\Routing\Middleware\RoutingMiddleware::__invoke() - CORE/src/Routing/Middleware/RoutingMiddleware.php, line 52
Cake\Http\Runner::__invoke() - CORE/src/Http/Runner.php, line 65
Cake\Routing\Middleware\AssetMiddleware::__invoke() - CORE/src/Routing/Middleware/AssetMiddleware.php, line 88
Cake\Http\Runner::__invoke() - CORE/src/Http/Runner.php, line 65
Cake\Error\Middleware\ErrorHandlerMiddleware::__invoke() - CORE/src/Error/Middleware/ErrorHandlerMiddleware.php, line 52
Cake\Http\Runner::__invoke() - CORE/src/Http/Runner.php, line 65
Cake\Http\Runner::run() - CORE/src/Http/Runner.php, line 51
Cake\Http\Server::run() - CORE/src/Http/Server.php, line 82
[main] - ROOT/webroot/index.php, line 37



2018-11-13 10:50:27 Error: [Error] Class 'AuthComponent' not found
Request URL: /users/dashboard
Referer URL: http://localhost:8765/
Client IP: 127.0.0.1
Stack Trace:
#0 /var/www/essentialmastering/vendor/cakephp/cakephp/src/View/View.php(1008): include()
#1 /var/www/essentialmastering/vendor/cakephp/cakephp/src/View/View.php(967): Cake\View\View->_evaluate('/var/www/essent...', Array)
#2 /var/www/essentialmastering/vendor/cakephp/cakephp/src/View/View.php(1353): Cake\View\View->_render('/var/www/essent...', Array)
#3 /var/www/essentialmastering/vendor/cakephp/cakephp/src/View/View.php(496): Cake\View\View->_renderElement('/var/www/essent...', Array, Array)
#4 /var/www/essentialmastering/src/Template/Users/dashboard.ctp(29): Cake\View\View->element('mentor/sidebar')
#5 /var/www/essentialmastering/vendor/cakephp/cakephp/src/View/View.php(1008): include('/var/www/essent...')
#6 /var/www/essentialmastering/vendor/cakephp/cakephp/src/View/View.php(967): Cake\View\View->_evaluate('/var/www/essent...', Array)
#7 /var/www/essentialmastering/vendor/cakephp/cakephp/src/View/View.php(591): Cake\View\View->_render('/var/www/essent...')
#8 /var/www/essentialmastering/vendor/cakephp/cakephp/src/Controller/Controller.php(617): Cake\View\View->render(NULL, NULL)
#9 /var/www/essentialmastering/vendor/cakephp/cakephp/src/Http/ActionDispatcher.php(128): Cake\Controller\Controller->render()
#10 /var/www/essentialmastering/vendor/cakephp/cakephp/src/Http/ActionDispatcher.php(96): Cake\Http\ActionDispatcher->_invoke(Object(App\Controller\UsersController))
#11 /var/www/essentialmastering/vendor/cakephp/cakephp/src/Http/BaseApplication.php(83): Cake\Http\ActionDispatcher->dispatch(Object(Cake\Network\Request), Object(Cake\Network\Response))
#12 /var/www/essentialmastering/vendor/cakephp/cakephp/src/Http/Runner.php(65): Cake\Http\BaseApplication->__invoke(Object(Zend\Diactoros\ServerRequest), Object(Zend\Diactoros\Response), Object(Cake\Http\Runner))
#13 /var/www/essentialmastering/vendor/cakephp/cakephp/src/Routing/Middleware/RoutingMiddleware.php(52): Cake\Http\Runner->__invoke(Object(Zend\Diactoros\ServerRequest), Object(Zend\Diactoros\Response))
#14 /var/www/essentialmastering/vendor/cakephp/cakephp/src/Http/Runner.php(65): Cake\Routing\Middleware\RoutingMiddleware->__invoke(Object(Zend\Diactoros\ServerRequest), Object(Zend\Diactoros\Response), Object(Cake\Http\Runner))
#15 /var/www/essentialmastering/vendor/cakephp/cakephp/src/Routing/Middleware/AssetMiddleware.php(88): Cake\Http\Runner->__invoke(Object(Zend\Diactoros\ServerRequest), Object(Zend\Diactoros\Response))
#16 /var/www/essentialmastering/vendor/cakephp/cakephp/src/Http/Runner.php(65): Cake\Routing\Middleware\AssetMiddleware->__invoke(Object(Zend\Diactoros\ServerRequest), Object(Zend\Diactoros\Response), Object(Cake\Http\Runner))
#17 /var/www/essentialmastering/vendor/cakephp/cakephp/src/Error/Middleware/ErrorHandlerMiddleware.php(52): Cake\Http\Runner->__invoke(Object(Zend\Diactoros\ServerRequest), Object(Zend\Diactoros\Response))
#18 /var/www/essentialmastering/vendor/cakephp/cakephp/src/Http/Runner.php(65): Cake\Error\Middleware\ErrorHandlerMiddleware->__invoke(Object(Zend\Diactoros\ServerRequest), Object(Zend\Diactoros\Response), Object(Cake\Http\Runner))
#19 /var/www/essentialmastering/vendor/cakephp/cakephp/src/Http/Runner.php(51): Cake\Http\Runner->__invoke(Object(Zend\Diactoros\ServerRequest), Object(Zend\Diactoros\Response))
#20 /var/www/essentialmastering/vendor/cakephp/cakephp/src/Http/Server.php(82): Cake\Http\Runner->run(Object(Cake\Http\MiddlewareQueue), Object(Zend\Diactoros\ServerRequest), Object(Zend\Diactoros\Response))
#21 /var/www/essentialmastering/webroot/index.php(37): Cake\Http\Server->run()
#22 {main}


2018-11-19 13:06:49 Error: [Error] Class 'Router' not found
Request URL: /
Client IP: 127.0.0.1
Stack Trace:
#0 /var/www/essentialmastering/vendor/cakephp/cakephp/src/View/View.php(1008): include()
#1 /var/www/essentialmastering/vendor/cakephp/cakephp/src/View/View.php(967): Cake\View\View->_evaluate('/var/www/essent...', Array)
#2 /var/www/essentialmastering/vendor/cakephp/cakephp/src/View/View.php(591): Cake\View\View->_render('/var/www/essent...')
#3 /var/www/essentialmastering/vendor/cakephp/cakephp/src/Controller/Controller.php(617): Cake\View\View->render(NULL, NULL)
#4 /var/www/essentialmastering/vendor/cakephp/cakephp/src/Http/ActionDispatcher.php(128): Cake\Controller\Controller->render()
#5 /var/www/essentialmastering/vendor/cakephp/cakephp/src/Http/ActionDispatcher.php(96): Cake\Http\ActionDispatcher->_invoke(Object(App\Controller\UsersController))
#6 /var/www/essentialmastering/vendor/cakephp/cakephp/src/Http/BaseApplication.php(83): Cake\Http\ActionDispatcher->dispatch(Object(Cake\Network\Request), Object(Cake\Network\Response))
#7 /var/www/essentialmastering/vendor/cakephp/cakephp/src/Http/Runner.php(65): Cake\Http\BaseApplication->__invoke(Object(Zend\Diactoros\ServerRequest), Object(Zend\Diactoros\Response), Object(Cake\Http\Runner))
#8 /var/www/essentialmastering/vendor/cakephp/cakephp/src/Routing/Middleware/RoutingMiddleware.php(52): Cake\Http\Runner->__invoke(Object(Zend\Diactoros\ServerRequest), Object(Zend\Diactoros\Response))
#9 /var/www/essentialmastering/vendor/cakephp/cakephp/src/Http/Runner.php(65): Cake\Routing\Middleware\RoutingMiddleware->__invoke(Object(Zend\Diactoros\ServerRequest), Object(Zend\Diactoros\Response), Object(Cake\Http\Runner))
#10 /var/www/essentialmastering/vendor/cakephp/cakephp/src/Routing/Middleware/AssetMiddleware.php(88): Cake\Http\Runner->__invoke(Object(Zend\Diactoros\ServerRequest), Object(Zend\Diactoros\Response))
#11 /var/www/essentialmastering/vendor/cakephp/cakephp/src/Http/Runner.php(65): Cake\Routing\Middleware\AssetMiddleware->__invoke(Object(Zend\Diactoros\ServerRequest), Object(Zend\Diactoros\Response), Object(Cake\Http\Runner))
#12 /var/www/essentialmastering/vendor/cakephp/cakephp/src/Error/Middleware/ErrorHandlerMiddleware.php(52): Cake\Http\Runner->__invoke(Object(Zend\Diactoros\ServerRequest), Object(Zend\Diactoros\Response))
#13 /var/www/essentialmastering/vendor/cakephp/cakephp/src/Http/Runner.php(65): Cake\Error\Middleware\ErrorHandlerMiddleware->__invoke(Object(Zend\Diactoros\ServerRequest), Object(Zend\Diactoros\Response), Object(Cake\Http\Runner))
#14 /var/www/essentialmastering/vendor/cakephp/cakephp/src/Http/Runner.php(51): Cake\Http\Runner->__invoke(Object(Zend\Diactoros\ServerRequest), Object(Zend\Diactoros\Response))
#15 /var/www/essentialmastering/vendor/cakephp/cakephp/src/Http/Server.php(82): Cake\Http\Runner->run(Object(Cake\Http\MiddlewareQueue), Object(Zend\Diactoros\ServerRequest), Object(Zend\Diactoros\Response))
#16 /var/www/essentialmastering/webroot/index.php(37): Cake\Http\Server->run()
#17 {main}


2018-11-19 13:07:50 Warning: Headers already sent in /var/www/essentialmastering/vendor/cakephp/cakephp/src/Error/Debugger.php:753
2018-11-19 13:07:50 Error: [RuntimeException] Unable to emit response; headers already sent
Request URL: /users/login
Referer URL: http://localhost:8765/
Client IP: 127.0.0.1
Stack Trace:
#0 /var/www/essentialmastering/vendor/cakephp/cakephp/src/Http/Server.php(107): Zend\Diactoros\Response\SapiStreamEmitter->emit(Object(Zend\Diactoros\Response))
#1 /var/www/essentialmastering/webroot/index.php(37): Cake\Http\Server->emit(Object(Zend\Diactoros\Response))
#2 {main}


2018-11-19 13:08:21 Warning: Headers already sent in /var/www/essentialmastering/vendor/cakephp/cakephp/src/Error/Debugger.php:753
2018-11-19 13:08:21 Error: [RuntimeException] Unable to emit response; headers already sent
Request URL: /users/login
Referer URL: http://localhost:8765/
Client IP: 127.0.0.1
Stack Trace:
#0 /var/www/essentialmastering/vendor/cakephp/cakephp/src/Http/Server.php(107): Zend\Diactoros\Response\SapiStreamEmitter->emit(Object(Zend\Diactoros\Response))
#1 /var/www/essentialmastering/webroot/index.php(37): Cake\Http\Server->emit(Object(Zend\Diactoros\Response))
#2 {main}


2018-11-19 13:08:33 Warning: Headers already sent in /var/www/essentialmastering/vendor/cakephp/cakephp/src/Error/Debugger.php:753
2018-11-19 13:08:33 Error: [RuntimeException] Unable to emit response; headers already sent
Request URL: /users/login
Referer URL: http://localhost:8765/
Client IP: 127.0.0.1
Stack Trace:
#0 /var/www/essentialmastering/vendor/cakephp/cakephp/src/Http/Server.php(107): Zend\Diactoros\Response\SapiStreamEmitter->emit(Object(Zend\Diactoros\Response))
#1 /var/www/essentialmastering/webroot/index.php(37): Cake\Http\Server->emit(Object(Zend\Diactoros\Response))
#2 {main}


2018-11-19 13:40:33 Warning: Warning (2): Invalid argument supplied for foreach() in [/var/www/essentialmastering/src/Template/Users/dashboard.ctp, line 67]
Request URL: /users/dashboard
Referer URL: http://localhost:8765/
Client IP: 127.0.0.1
Trace:
Cake\Error\BaseErrorHandler::handleError() - CORE/src/Error/BaseErrorHandler.php, line 146
include - APP/Template/Users/dashboard.ctp, line 67
Cake\View\View::_evaluate() - CORE/src/View/View.php, line 1008
Cake\View\View::_render() - CORE/src/View/View.php, line 967
Cake\View\View::render() - CORE/src/View/View.php, line 591
Cake\Controller\Controller::render() - CORE/src/Controller/Controller.php, line 617
Cake\Http\ActionDispatcher::_invoke() - CORE/src/Http/ActionDispatcher.php, line 128
Cake\Http\ActionDispatcher::dispatch() - CORE/src/Http/ActionDispatcher.php, line 96
Cake\Http\BaseApplication::__invoke() - CORE/src/Http/BaseApplication.php, line 83
Cake\Http\Runner::__invoke() - CORE/src/Http/Runner.php, line 65
Cake\Routing\Middleware\RoutingMiddleware::__invoke() - CORE/src/Routing/Middleware/RoutingMiddleware.php, line 52
Cake\Http\Runner::__invoke() - CORE/src/Http/Runner.php, line 65
Cake\Routing\Middleware\AssetMiddleware::__invoke() - CORE/src/Routing/Middleware/AssetMiddleware.php, line 88
Cake\Http\Runner::__invoke() - CORE/src/Http/Runner.php, line 65
Cake\Error\Middleware\ErrorHandlerMiddleware::__invoke() - CORE/src/Error/Middleware/ErrorHandlerMiddleware.php, line 52
Cake\Http\Runner::__invoke() - CORE/src/Http/Runner.php, line 65
Cake\Http\Runner::run() - CORE/src/Http/Runner.php, line 51
Cake\Http\Server::run() - CORE/src/Http/Server.php, line 82
[main] - ROOT/webroot/index.php, line 37



2018-11-19 13:41:53 Warning: Warning (2): Invalid argument supplied for foreach() in [/var/www/essentialmastering/src/Template/Users/dashboard.ctp, line 68]
Request URL: /users/dashboard
Referer URL: http://localhost:8765/
Client IP: 127.0.0.1
Trace:
Cake\Error\BaseErrorHandler::handleError() - CORE/src/Error/BaseErrorHandler.php, line 146
include - APP/Template/Users/dashboard.ctp, line 68
Cake\View\View::_evaluate() - CORE/src/View/View.php, line 1008
Cake\View\View::_render() - CORE/src/View/View.php, line 967
Cake\View\View::render() - CORE/src/View/View.php, line 591
Cake\Controller\Controller::render() - CORE/src/Controller/Controller.php, line 617
Cake\Http\ActionDispatcher::_invoke() - CORE/src/Http/ActionDispatcher.php, line 128
Cake\Http\ActionDispatcher::dispatch() - CORE/src/Http/ActionDispatcher.php, line 96
Cake\Http\BaseApplication::__invoke() - CORE/src/Http/BaseApplication.php, line 83
Cake\Http\Runner::__invoke() - CORE/src/Http/Runner.php, line 65
Cake\Routing\Middleware\RoutingMiddleware::__invoke() - CORE/src/Routing/Middleware/RoutingMiddleware.php, line 52
Cake\Http\Runner::__invoke() - CORE/src/Http/Runner.php, line 65
Cake\Routing\Middleware\AssetMiddleware::__invoke() - CORE/src/Routing/Middleware/AssetMiddleware.php, line 88
Cake\Http\Runner::__invoke() - CORE/src/Http/Runner.php, line 65
Cake\Error\Middleware\ErrorHandlerMiddleware::__invoke() - CORE/src/Error/Middleware/ErrorHandlerMiddleware.php, line 52
Cake\Http\Runner::__invoke() - CORE/src/Http/Runner.php, line 65
Cake\Http\Runner::run() - CORE/src/Http/Runner.php, line 51
Cake\Http\Server::run() - CORE/src/Http/Server.php, line 82
[main] - ROOT/webroot/index.php, line 37



2018-11-19 13:42:28 Warning: Warning (2): Invalid argument supplied for foreach() in [/var/www/essentialmastering/src/Template/Users/dashboard.ctp, line 68]
Request URL: /users/dashboard
Referer URL: http://localhost:8765/
Client IP: 127.0.0.1
Trace:
Cake\Error\BaseErrorHandler::handleError() - CORE/src/Error/BaseErrorHandler.php, line 146
include - APP/Template/Users/dashboard.ctp, line 68
Cake\View\View::_evaluate() - CORE/src/View/View.php, line 1008
Cake\View\View::_render() - CORE/src/View/View.php, line 967
Cake\View\View::render() - CORE/src/View/View.php, line 591
Cake\Controller\Controller::render() - CORE/src/Controller/Controller.php, line 617
Cake\Http\ActionDispatcher::_invoke() - CORE/src/Http/ActionDispatcher.php, line 128
Cake\Http\ActionDispatcher::dispatch() - CORE/src/Http/ActionDispatcher.php, line 96
Cake\Http\BaseApplication::__invoke() - CORE/src/Http/BaseApplication.php, line 83
Cake\Http\Runner::__invoke() - CORE/src/Http/Runner.php, line 65
Cake\Routing\Middleware\RoutingMiddleware::__invoke() - CORE/src/Routing/Middleware/RoutingMiddleware.php, line 52
Cake\Http\Runner::__invoke() - CORE/src/Http/Runner.php, line 65
Cake\Routing\Middleware\AssetMiddleware::__invoke() - CORE/src/Routing/Middleware/AssetMiddleware.php, line 88
Cake\Http\Runner::__invoke() - CORE/src/Http/Runner.php, line 65
Cake\Error\Middleware\ErrorHandlerMiddleware::__invoke() - CORE/src/Error/Middleware/ErrorHandlerMiddleware.php, line 52
Cake\Http\Runner::__invoke() - CORE/src/Http/Runner.php, line 65
Cake\Http\Runner::run() - CORE/src/Http/Runner.php, line 51
Cake\Http\Server::run() - CORE/src/Http/Server.php, line 82
[main] - ROOT/webroot/index.php, line 37



2018-11-19 13:52:59 Warning: Warning (2): Invalid argument supplied for foreach() in [/var/www/essentialmastering/src/Template/Users/dashboard.ctp, line 68]
Request URL: /users/dashboard
Referer URL: http://localhost:8765/
Client IP: 127.0.0.1
Trace:
Cake\Error\BaseErrorHandler::handleError() - CORE/src/Error/BaseErrorHandler.php, line 146
include - APP/Template/Users/dashboard.ctp, line 68
Cake\View\View::_evaluate() - CORE/src/View/View.php, line 1008
Cake\View\View::_render() - CORE/src/View/View.php, line 967
Cake\View\View::render() - CORE/src/View/View.php, line 591
Cake\Controller\Controller::render() - CORE/src/Controller/Controller.php, line 617
Cake\Http\ActionDispatcher::_invoke() - CORE/src/Http/ActionDispatcher.php, line 128
Cake\Http\ActionDispatcher::dispatch() - CORE/src/Http/ActionDispatcher.php, line 96
Cake\Http\BaseApplication::__invoke() - CORE/src/Http/BaseApplication.php, line 83
Cake\Http\Runner::__invoke() - CORE/src/Http/Runner.php, line 65
Cake\Routing\Middleware\RoutingMiddleware::__invoke() - CORE/src/Routing/Middleware/RoutingMiddleware.php, line 52
Cake\Http\Runner::__invoke() - CORE/src/Http/Runner.php, line 65
Cake\Routing\Middleware\AssetMiddleware::__invoke() - CORE/src/Routing/Middleware/AssetMiddleware.php, line 88
Cake\Http\Runner::__invoke() - CORE/src/Http/Runner.php, line 65
Cake\Error\Middleware\ErrorHandlerMiddleware::__invoke() - CORE/src/Error/Middleware/ErrorHandlerMiddleware.php, line 52
Cake\Http\Runner::__invoke() - CORE/src/Http/Runner.php, line 65
Cake\Http\Runner::run() - CORE/src/Http/Runner.php, line 51
Cake\Http\Server::run() - CORE/src/Http/Server.php, line 82
[main] - ROOT/webroot/index.php, line 37



2018-11-19 13:56:32 Warning: Warning (2): Invalid argument supplied for foreach() in [/var/www/essentialmastering/src/Template/Users/dashboard.ctp, line 68]
Request URL: /users/dashboard
Referer URL: http://localhost:8765/
Client IP: 127.0.0.1
Trace:
Cake\Error\BaseErrorHandler::handleError() - CORE/src/Error/BaseErrorHandler.php, line 146
include - APP/Template/Users/dashboard.ctp, line 68
Cake\View\View::_evaluate() - CORE/src/View/View.php, line 1008
Cake\View\View::_render() - CORE/src/View/View.php, line 967
Cake\View\View::render() - CORE/src/View/View.php, line 591
Cake\Controller\Controller::render() - CORE/src/Controller/Controller.php, line 617
Cake\Http\ActionDispatcher::_invoke() - CORE/src/Http/ActionDispatcher.php, line 128
Cake\Http\ActionDispatcher::dispatch() - CORE/src/Http/ActionDispatcher.php, line 96
Cake\Http\BaseApplication::__invoke() - CORE/src/Http/BaseApplication.php, line 83
Cake\Http\Runner::__invoke() - CORE/src/Http/Runner.php, line 65
Cake\Routing\Middleware\RoutingMiddleware::__invoke() - CORE/src/Routing/Middleware/RoutingMiddleware.php, line 52
Cake\Http\Runner::__invoke() - CORE/src/Http/Runner.php, line 65
Cake\Routing\Middleware\AssetMiddleware::__invoke() - CORE/src/Routing/Middleware/AssetMiddleware.php, line 88
Cake\Http\Runner::__invoke() - CORE/src/Http/Runner.php, line 65
Cake\Error\Middleware\ErrorHandlerMiddleware::__invoke() - CORE/src/Error/Middleware/ErrorHandlerMiddleware.php, line 52
Cake\Http\Runner::__invoke() - CORE/src/Http/Runner.php, line 65
Cake\Http\Runner::run() - CORE/src/Http/Runner.php, line 51
Cake\Http\Server::run() - CORE/src/Http/Server.php, line 82
[main] - ROOT/webroot/index.php, line 37



2018-11-19 13:56:55 Error: [ParseError] syntax error, unexpected 'endforeach' (T_ENDFOREACH), expecting end of file
Request URL: /users/dashboard
Referer URL: http://localhost:8765/
Client IP: 127.0.0.1
Stack Trace:
#0 /var/www/essentialmastering/vendor/cakephp/cakephp/src/View/View.php(967): Cake\View\View->_evaluate('/var/www/essent...', Array)
#1 /var/www/essentialmastering/vendor/cakephp/cakephp/src/View/View.php(591): Cake\View\View->_render('/var/www/essent...')
#2 /var/www/essentialmastering/vendor/cakephp/cakephp/src/Controller/Controller.php(617): Cake\View\View->render(NULL, NULL)
#3 /var/www/essentialmastering/vendor/cakephp/cakephp/src/Http/ActionDispatcher.php(128): Cake\Controller\Controller->render()
#4 /var/www/essentialmastering/vendor/cakephp/cakephp/src/Http/ActionDispatcher.php(96): Cake\Http\ActionDispatcher->_invoke(Object(App\Controller\UsersController))
#5 /var/www/essentialmastering/vendor/cakephp/cakephp/src/Http/BaseApplication.php(83): Cake\Http\ActionDispatcher->dispatch(Object(Cake\Network\Request), Object(Cake\Network\Response))
#6 /var/www/essentialmastering/vendor/cakephp/cakephp/src/Http/Runner.php(65): Cake\Http\BaseApplication->__invoke(Object(Zend\Diactoros\ServerRequest), Object(Zend\Diactoros\Response), Object(Cake\Http\Runner))
#7 /var/www/essentialmastering/vendor/cakephp/cakephp/src/Routing/Middleware/RoutingMiddleware.php(52): Cake\Http\Runner->__invoke(Object(Zend\Diactoros\ServerRequest), Object(Zend\Diactoros\Response))
#8 /var/www/essentialmastering/vendor/cakephp/cakephp/src/Http/Runner.php(65): Cake\Routing\Middleware\RoutingMiddleware->__invoke(Object(Zend\Diactoros\ServerRequest), Object(Zend\Diactoros\Response), Object(Cake\Http\Runner))
#9 /var/www/essentialmastering/vendor/cakephp/cakephp/src/Routing/Middleware/AssetMiddleware.php(88): Cake\Http\Runner->__invoke(Object(Zend\Diactoros\ServerRequest), Object(Zend\Diactoros\Response))
#10 /var/www/essentialmastering/vendor/cakephp/cakephp/src/Http/Runner.php(65): Cake\Routing\Middleware\AssetMiddleware->__invoke(Object(Zend\Diactoros\ServerRequest), Object(Zend\Diactoros\Response), Object(Cake\Http\Runner))
#11 /var/www/essentialmastering/vendor/cakephp/cakephp/src/Error/Middleware/ErrorHandlerMiddleware.php(52): Cake\Http\Runner->__invoke(Object(Zend\Diactoros\ServerRequest), Object(Zend\Diactoros\Response))
#12 /var/www/essentialmastering/vendor/cakephp/cakephp/src/Http/Runner.php(65): Cake\Error\Middleware\ErrorHandlerMiddleware->__invoke(Object(Zend\Diactoros\ServerRequest), Object(Zend\Diactoros\Response), Object(Cake\Http\Runner))
#13 /var/www/essentialmastering/vendor/cakephp/cakephp/src/Http/Runner.php(51): Cake\Http\Runner->__invoke(Object(Zend\Diactoros\ServerRequest), Object(Zend\Diactoros\Response))
#14 /var/www/essentialmastering/vendor/cakephp/cakephp/src/Http/Server.php(82): Cake\Http\Runner->run(Object(Cake\Http\MiddlewareQueue), Object(Zend\Diactoros\ServerRequest), Object(Zend\Diactoros\Response))
#15 /var/www/essentialmastering/webroot/index.php(37): Cake\Http\Server->run()
#16 {main}


2018-11-22 11:01:46 Warning: Warning (2): Missing argument 1 for App\Controller\UsersController::pricing() in [/var/www/essentialmastering/src/Controller/UsersController.php, line 129]
Request URL: /users/pricing
Referer URL: http://localhost:8765/users/dashboard
Client IP: 127.0.0.1
Trace:
Cake\Error\BaseErrorHandler::handleError() - CORE/src/Error/BaseErrorHandler.php, line 146
App\Controller\UsersController::pricing() - APP/Controller/UsersController.php, line 129
Cake\Controller\Controller::invokeAction() - CORE/src/Controller/Controller.php, line 435
Cake\Http\ActionDispatcher::_invoke() - CORE/src/Http/ActionDispatcher.php, line 122
Cake\Http\ActionDispatcher::dispatch() - CORE/src/Http/ActionDispatcher.php, line 96
Cake\Http\BaseApplication::__invoke() - CORE/src/Http/BaseApplication.php, line 83
Cake\Http\Runner::__invoke() - CORE/src/Http/Runner.php, line 65
Cake\Routing\Middleware\RoutingMiddleware::__invoke() - CORE/src/Routing/Middleware/RoutingMiddleware.php, line 52
Cake\Http\Runner::__invoke() - CORE/src/Http/Runner.php, line 65
Cake\Routing\Middleware\AssetMiddleware::__invoke() - CORE/src/Routing/Middleware/AssetMiddleware.php, line 88
Cake\Http\Runner::__invoke() - CORE/src/Http/Runner.php, line 65
Cake\Error\Middleware\ErrorHandlerMiddleware::__invoke() - CORE/src/Error/Middleware/ErrorHandlerMiddleware.php, line 52
Cake\Http\Runner::__invoke() - CORE/src/Http/Runner.php, line 65
Cake\Http\Runner::run() - CORE/src/Http/Runner.php, line 51
Cake\Http\Server::run() - CORE/src/Http/Server.php, line 82
[main] - ROOT/webroot/index.php, line 37



2018-11-22 11:01:46 Error: [Error] Call to undefined function App\Controller\in_range()
Request URL: /users/pricing
Referer URL: http://localhost:8765/users/dashboard
Client IP: 127.0.0.1
Stack Trace:
#0 [internal function]: App\Controller\UsersController->pricing()
#1 /var/www/essentialmastering/vendor/cakephp/cakephp/src/Controller/Controller.php(435): call_user_func_array(Array, Array)
#2 /var/www/essentialmastering/vendor/cakephp/cakephp/src/Http/ActionDispatcher.php(122): Cake\Controller\Controller->invokeAction()
#3 /var/www/essentialmastering/vendor/cakephp/cakephp/src/Http/ActionDispatcher.php(96): Cake\Http\ActionDispatcher->_invoke(Object(App\Controller\UsersController))
#4 /var/www/essentialmastering/vendor/cakephp/cakephp/src/Http/BaseApplication.php(83): Cake\Http\ActionDispatcher->dispatch(Object(Cake\Network\Request), Object(Cake\Network\Response))
#5 /var/www/essentialmastering/vendor/cakephp/cakephp/src/Http/Runner.php(65): Cake\Http\BaseApplication->__invoke(Object(Zend\Diactoros\ServerRequest), Object(Zend\Diactoros\Response), Object(Cake\Http\Runner))
#6 /var/www/essentialmastering/vendor/cakephp/cakephp/src/Routing/Middleware/RoutingMiddleware.php(52): Cake\Http\Runner->__invoke(Object(Zend\Diactoros\ServerRequest), Object(Zend\Diactoros\Response))
#7 /var/www/essentialmastering/vendor/cakephp/cakephp/src/Http/Runner.php(65): Cake\Routing\Middleware\RoutingMiddleware->__invoke(Object(Zend\Diactoros\ServerRequest), Object(Zend\Diactoros\Response), Object(Cake\Http\Runner))
#8 /var/www/essentialmastering/vendor/cakephp/cakephp/src/Routing/Middleware/AssetMiddleware.php(88): Cake\Http\Runner->__invoke(Object(Zend\Diactoros\ServerRequest), Object(Zend\Diactoros\Response))
#9 /var/www/essentialmastering/vendor/cakephp/cakephp/src/Http/Runner.php(65): Cake\Routing\Middleware\AssetMiddleware->__invoke(Object(Zend\Diactoros\ServerRequest), Object(Zend\Diactoros\Response), Object(Cake\Http\Runner))
#10 /var/www/essentialmastering/vendor/cakephp/cakephp/src/Error/Middleware/ErrorHandlerMiddleware.php(52): Cake\Http\Runner->__invoke(Object(Zend\Diactoros\ServerRequest), Object(Zend\Diactoros\Response))
#11 /var/www/essentialmastering/vendor/cakephp/cakephp/src/Http/Runner.php(65): Cake\Error\Middleware\ErrorHandlerMiddleware->__invoke(Object(Zend\Diactoros\ServerRequest), Object(Zend\Diactoros\Response), Object(Cake\Http\Runner))
#12 /var/www/essentialmastering/vendor/cakephp/cakephp/src/Http/Runner.php(51): Cake\Http\Runner->__invoke(Object(Zend\Diactoros\ServerRequest), Object(Zend\Diactoros\Response))
#13 /var/www/essentialmastering/vendor/cakephp/cakephp/src/Http/Server.php(82): Cake\Http\Runner->run(Object(Cake\Http\MiddlewareQueue), Object(Zend\Diactoros\ServerRequest), Object(Zend\Diactoros\Response))
#14 /var/www/essentialmastering/webroot/index.php(37): Cake\Http\Server->run()
#15 {main}


2018-11-22 11:02:23 Warning: Warning (2): Missing argument 1 for App\Controller\UsersController::pricing() in [/var/www/essentialmastering/src/Controller/UsersController.php, line 129]
Request URL: /users/pricing
Referer URL: http://localhost:8765/users/dashboard
Client IP: 127.0.0.1
Trace:
Cake\Error\BaseErrorHandler::handleError() - CORE/src/Error/BaseErrorHandler.php, line 146
App\Controller\UsersController::pricing() - APP/Controller/UsersController.php, line 129
Cake\Controller\Controller::invokeAction() - CORE/src/Controller/Controller.php, line 435
Cake\Http\ActionDispatcher::_invoke() - CORE/src/Http/ActionDispatcher.php, line 122
Cake\Http\ActionDispatcher::dispatch() - CORE/src/Http/ActionDispatcher.php, line 96
Cake\Http\BaseApplication::__invoke() - CORE/src/Http/BaseApplication.php, line 83
Cake\Http\Runner::__invoke() - CORE/src/Http/Runner.php, line 65
Cake\Routing\Middleware\RoutingMiddleware::__invoke() - CORE/src/Routing/Middleware/RoutingMiddleware.php, line 52
Cake\Http\Runner::__invoke() - CORE/src/Http/Runner.php, line 65
Cake\Routing\Middleware\AssetMiddleware::__invoke() - CORE/src/Routing/Middleware/AssetMiddleware.php, line 88
Cake\Http\Runner::__invoke() - CORE/src/Http/Runner.php, line 65
Cake\Error\Middleware\ErrorHandlerMiddleware::__invoke() - CORE/src/Error/Middleware/ErrorHandlerMiddleware.php, line 52
Cake\Http\Runner::__invoke() - CORE/src/Http/Runner.php, line 65
Cake\Http\Runner::run() - CORE/src/Http/Runner.php, line 51
Cake\Http\Server::run() - CORE/src/Http/Server.php, line 82
[main] - ROOT/webroot/index.php, line 37



2018-11-22 11:02:23 Error: [Error] Call to undefined function App\Controller\in_range()
Request URL: /users/pricing
Referer URL: http://localhost:8765/users/dashboard
Client IP: 127.0.0.1
Stack Trace:
#0 [internal function]: App\Controller\UsersController->pricing()
#1 /var/www/essentialmastering/vendor/cakephp/cakephp/src/Controller/Controller.php(435): call_user_func_array(Array, Array)
#2 /var/www/essentialmastering/vendor/cakephp/cakephp/src/Http/ActionDispatcher.php(122): Cake\Controller\Controller->invokeAction()
#3 /var/www/essentialmastering/vendor/cakephp/cakephp/src/Http/ActionDispatcher.php(96): Cake\Http\ActionDispatcher->_invoke(Object(App\Controller\UsersController))
#4 /var/www/essentialmastering/vendor/cakephp/cakephp/src/Http/BaseApplication.php(83): Cake\Http\ActionDispatcher->dispatch(Object(Cake\Network\Request), Object(Cake\Network\Response))
#5 /var/www/essentialmastering/vendor/cakephp/cakephp/src/Http/Runner.php(65): Cake\Http\BaseApplication->__invoke(Object(Zend\Diactoros\ServerRequest), Object(Zend\Diactoros\Response), Object(Cake\Http\Runner))
#6 /var/www/essentialmastering/vendor/cakephp/cakephp/src/Routing/Middleware/RoutingMiddleware.php(52): Cake\Http\Runner->__invoke(Object(Zend\Diactoros\ServerRequest), Object(Zend\Diactoros\Response))
#7 /var/www/essentialmastering/vendor/cakephp/cakephp/src/Http/Runner.php(65): Cake\Routing\Middleware\RoutingMiddleware->__invoke(Object(Zend\Diactoros\ServerRequest), Object(Zend\Diactoros\Response), Object(Cake\Http\Runner))
#8 /var/www/essentialmastering/vendor/cakephp/cakephp/src/Routing/Middleware/AssetMiddleware.php(88): Cake\Http\Runner->__invoke(Object(Zend\Diactoros\ServerRequest), Object(Zend\Diactoros\Response))
#9 /var/www/essentialmastering/vendor/cakephp/cakephp/src/Http/Runner.php(65): Cake\Routing\Middleware\AssetMiddleware->__invoke(Object(Zend\Diactoros\ServerRequest), Object(Zend\Diactoros\Response), Object(Cake\Http\Runner))
#10 /var/www/essentialmastering/vendor/cakephp/cakephp/src/Error/Middleware/ErrorHandlerMiddleware.php(52): Cake\Http\Runner->__invoke(Object(Zend\Diactoros\ServerRequest), Object(Zend\Diactoros\Response))
#11 /var/www/essentialmastering/vendor/cakephp/cakephp/src/Http/Runner.php(65): Cake\Error\Middleware\ErrorHandlerMiddleware->__invoke(Object(Zend\Diactoros\ServerRequest), Object(Zend\Diactoros\Response), Object(Cake\Http\Runner))
#12 /var/www/essentialmastering/vendor/cakephp/cakephp/src/Http/Runner.php(51): Cake\Http\Runner->__invoke(Object(Zend\Diactoros\ServerRequest), Object(Zend\Diactoros\Response))
#13 /var/www/essentialmastering/vendor/cakephp/cakephp/src/Http/Server.php(82): Cake\Http\Runner->run(Object(Cake\Http\MiddlewareQueue), Object(Zend\Diactoros\ServerRequest), Object(Zend\Diactoros\Response))
#14 /var/www/essentialmastering/webroot/index.php(37): Cake\Http\Server->run()
#15 {main}


2018-11-22 11:03:03 Warning: Warning (2): Missing argument 1 for App\Controller\UsersController::pricing() in [/var/www/essentialmastering/src/Controller/UsersController.php, line 129]
Request URL: /users/pricing
Referer URL: http://localhost:8765/users/dashboard
Client IP: 127.0.0.1
Trace:
Cake\Error\BaseErrorHandler::handleError() - CORE/src/Error/BaseErrorHandler.php, line 146
App\Controller\UsersController::pricing() - APP/Controller/UsersController.php, line 129
Cake\Controller\Controller::invokeAction() - CORE/src/Controller/Controller.php, line 435
Cake\Http\ActionDispatcher::_invoke() - CORE/src/Http/ActionDispatcher.php, line 122
Cake\Http\ActionDispatcher::dispatch() - CORE/src/Http/ActionDispatcher.php, line 96
Cake\Http\BaseApplication::__invoke() - CORE/src/Http/BaseApplication.php, line 83
Cake\Http\Runner::__invoke() - CORE/src/Http/Runner.php, line 65
Cake\Routing\Middleware\RoutingMiddleware::__invoke() - CORE/src/Routing/Middleware/RoutingMiddleware.php, line 52
Cake\Http\Runner::__invoke() - CORE/src/Http/Runner.php, line 65
Cake\Routing\Middleware\AssetMiddleware::__invoke() - CORE/src/Routing/Middleware/AssetMiddleware.php, line 88
Cake\Http\Runner::__invoke() - CORE/src/Http/Runner.php, line 65
Cake\Error\Middleware\ErrorHandlerMiddleware::__invoke() - CORE/src/Error/Middleware/ErrorHandlerMiddleware.php, line 52
Cake\Http\Runner::__invoke() - CORE/src/Http/Runner.php, line 65
Cake\Http\Runner::run() - CORE/src/Http/Runner.php, line 51
Cake\Http\Server::run() - CORE/src/Http/Server.php, line 82
[main] - ROOT/webroot/index.php, line 37



2018-11-22 11:03:03 Error: [Error] Call to undefined function App\Controller\in_range()
Request URL: /users/pricing
Referer URL: http://localhost:8765/users/dashboard
Client IP: 127.0.0.1
Stack Trace:
#0 [internal function]: App\Controller\UsersController->pricing()
#1 /var/www/essentialmastering/vendor/cakephp/cakephp/src/Controller/Controller.php(435): call_user_func_array(Array, Array)
#2 /var/www/essentialmastering/vendor/cakephp/cakephp/src/Http/ActionDispatcher.php(122): Cake\Controller\Controller->invokeAction()
#3 /var/www/essentialmastering/vendor/cakephp/cakephp/src/Http/ActionDispatcher.php(96): Cake\Http\ActionDispatcher->_invoke(Object(App\Controller\UsersController))
#4 /var/www/essentialmastering/vendor/cakephp/cakephp/src/Http/BaseApplication.php(83): Cake\Http\ActionDispatcher->dispatch(Object(Cake\Network\Request), Object(Cake\Network\Response))
#5 /var/www/essentialmastering/vendor/cakephp/cakephp/src/Http/Runner.php(65): Cake\Http\BaseApplication->__invoke(Object(Zend\Diactoros\ServerRequest), Object(Zend\Diactoros\Response), Object(Cake\Http\Runner))
#6 /var/www/essentialmastering/vendor/cakephp/cakephp/src/Routing/Middleware/RoutingMiddleware.php(52): Cake\Http\Runner->__invoke(Object(Zend\Diactoros\ServerRequest), Object(Zend\Diactoros\Response))
#7 /var/www/essentialmastering/vendor/cakephp/cakephp/src/Http/Runner.php(65): Cake\Routing\Middleware\RoutingMiddleware->__invoke(Object(Zend\Diactoros\ServerRequest), Object(Zend\Diactoros\Response), Object(Cake\Http\Runner))
#8 /var/www/essentialmastering/vendor/cakephp/cakephp/src/Routing/Middleware/AssetMiddleware.php(88): Cake\Http\Runner->__invoke(Object(Zend\Diactoros\ServerRequest), Object(Zend\Diactoros\Response))
#9 /var/www/essentialmastering/vendor/cakephp/cakephp/src/Http/Runner.php(65): Cake\Routing\Middleware\AssetMiddleware->__invoke(Object(Zend\Diactoros\ServerRequest), Object(Zend\Diactoros\Response), Object(Cake\Http\Runner))
#10 /var/www/essentialmastering/vendor/cakephp/cakephp/src/Error/Middleware/ErrorHandlerMiddleware.php(52): Cake\Http\Runner->__invoke(Object(Zend\Diactoros\ServerRequest), Object(Zend\Diactoros\Response))
#11 /var/www/essentialmastering/vendor/cakephp/cakephp/src/Http/Runner.php(65): Cake\Error\Middleware\ErrorHandlerMiddleware->__invoke(Object(Zend\Diactoros\ServerRequest), Object(Zend\Diactoros\Response), Object(Cake\Http\Runner))
#12 /var/www/essentialmastering/vendor/cakephp/cakephp/src/Http/Runner.php(51): Cake\Http\Runner->__invoke(Object(Zend\Diactoros\ServerRequest), Object(Zend\Diactoros\Response))
#13 /var/www/essentialmastering/vendor/cakephp/cakephp/src/Http/Server.php(82): Cake\Http\Runner->run(Object(Cake\Http\MiddlewareQueue), Object(Zend\Diactoros\ServerRequest), Object(Zend\Diactoros\Response))
#14 /var/www/essentialmastering/webroot/index.php(37): Cake\Http\Server->run()
#15 {main}


2018-11-22 11:04:08 Error: [Error] Call to undefined function App\Controller\in_range()
Request URL: /users/pricing/7
Referer URL: http://localhost:8765/users/dashboard
Client IP: 127.0.0.1
Stack Trace:
#0 [internal function]: App\Controller\UsersController->pricing('7')
#1 /var/www/essentialmastering/vendor/cakephp/cakephp/src/Controller/Controller.php(435): call_user_func_array(Array, Array)
#2 /var/www/essentialmastering/vendor/cakephp/cakephp/src/Http/ActionDispatcher.php(122): Cake\Controller\Controller->invokeAction()
#3 /var/www/essentialmastering/vendor/cakephp/cakephp/src/Http/ActionDispatcher.php(96): Cake\Http\ActionDispatcher->_invoke(Object(App\Controller\UsersController))
#4 /var/www/essentialmastering/vendor/cakephp/cakephp/src/Http/BaseApplication.php(83): Cake\Http\ActionDispatcher->dispatch(Object(Cake\Network\Request), Object(Cake\Network\Response))
#5 /var/www/essentialmastering/vendor/cakephp/cakephp/src/Http/Runner.php(65): Cake\Http\BaseApplication->__invoke(Object(Zend\Diactoros\ServerRequest), Object(Zend\Diactoros\Response), Object(Cake\Http\Runner))
#6 /var/www/essentialmastering/vendor/cakephp/cakephp/src/Routing/Middleware/RoutingMiddleware.php(52): Cake\Http\Runner->__invoke(Object(Zend\Diactoros\ServerRequest), Object(Zend\Diactoros\Response))
#7 /var/www/essentialmastering/vendor/cakephp/cakephp/src/Http/Runner.php(65): Cake\Routing\Middleware\RoutingMiddleware->__invoke(Object(Zend\Diactoros\ServerRequest), Object(Zend\Diactoros\Response), Object(Cake\Http\Runner))
#8 /var/www/essentialmastering/vendor/cakephp/cakephp/src/Routing/Middleware/AssetMiddleware.php(88): Cake\Http\Runner->__invoke(Object(Zend\Diactoros\ServerRequest), Object(Zend\Diactoros\Response))
#9 /var/www/essentialmastering/vendor/cakephp/cakephp/src/Http/Runner.php(65): Cake\Routing\Middleware\AssetMiddleware->__invoke(Object(Zend\Diactoros\ServerRequest), Object(Zend\Diactoros\Response), Object(Cake\Http\Runner))
#10 /var/www/essentialmastering/vendor/cakephp/cakephp/src/Error/Middleware/ErrorHandlerMiddleware.php(52): Cake\Http\Runner->__invoke(Object(Zend\Diactoros\ServerRequest), Object(Zend\Diactoros\Response))
#11 /var/www/essentialmastering/vendor/cakephp/cakephp/src/Http/Runner.php(65): Cake\Error\Middleware\ErrorHandlerMiddleware->__invoke(Object(Zend\Diactoros\ServerRequest), Object(Zend\Diactoros\Response), Object(Cake\Http\Runner))
#12 /var/www/essentialmastering/vendor/cakephp/cakephp/src/Http/Runner.php(51): Cake\Http\Runner->__invoke(Object(Zend\Diactoros\ServerRequest), Object(Zend\Diactoros\Response))
#13 /var/www/essentialmastering/vendor/cakephp/cakephp/src/Http/Server.php(82): Cake\Http\Runner->run(Object(Cake\Http\MiddlewareQueue), Object(Zend\Diactoros\ServerRequest), Object(Zend\Diactoros\Response))
#14 /var/www/essentialmastering/webroot/index.php(37): Cake\Http\Server->run()
#15 {main}


2018-11-22 11:05:48 Error: [Error] Call to undefined function App\Controller\in_range()
Request URL: /users/pricing/7
Client IP: 127.0.0.1
Stack Trace:
#0 [internal function]: App\Controller\UsersController->pricing('7')
#1 /var/www/essentialmastering/vendor/cakephp/cakephp/src/Controller/Controller.php(435): call_user_func_array(Array, Array)
#2 /var/www/essentialmastering/vendor/cakephp/cakephp/src/Http/ActionDispatcher.php(122): Cake\Controller\Controller->invokeAction()
#3 /var/www/essentialmastering/vendor/cakephp/cakephp/src/Http/ActionDispatcher.php(96): Cake\Http\ActionDispatcher->_invoke(Object(App\Controller\UsersController))
#4 /var/www/essentialmastering/vendor/cakephp/cakephp/src/Http/BaseApplication.php(83): Cake\Http\ActionDispatcher->dispatch(Object(Cake\Network\Request), Object(Cake\Network\Response))
#5 /var/www/essentialmastering/vendor/cakephp/cakephp/src/Http/Runner.php(65): Cake\Http\BaseApplication->__invoke(Object(Zend\Diactoros\ServerRequest), Object(Zend\Diactoros\Response), Object(Cake\Http\Runner))
#6 /var/www/essentialmastering/vendor/cakephp/cakephp/src/Routing/Middleware/RoutingMiddleware.php(52): Cake\Http\Runner->__invoke(Object(Zend\Diactoros\ServerRequest), Object(Zend\Diactoros\Response))
#7 /var/www/essentialmastering/vendor/cakephp/cakephp/src/Http/Runner.php(65): Cake\Routing\Middleware\RoutingMiddleware->__invoke(Object(Zend\Diactoros\ServerRequest), Object(Zend\Diactoros\Response), Object(Cake\Http\Runner))
#8 /var/www/essentialmastering/vendor/cakephp/cakephp/src/Routing/Middleware/AssetMiddleware.php(88): Cake\Http\Runner->__invoke(Object(Zend\Diactoros\ServerRequest), Object(Zend\Diactoros\Response))
#9 /var/www/essentialmastering/vendor/cakephp/cakephp/src/Http/Runner.php(65): Cake\Routing\Middleware\AssetMiddleware->__invoke(Object(Zend\Diactoros\ServerRequest), Object(Zend\Diactoros\Response), Object(Cake\Http\Runner))
#10 /var/www/essentialmastering/vendor/cakephp/cakephp/src/Error/Middleware/ErrorHandlerMiddleware.php(52): Cake\Http\Runner->__invoke(Object(Zend\Diactoros\ServerRequest), Object(Zend\Diactoros\Response))
#11 /var/www/essentialmastering/vendor/cakephp/cakephp/src/Http/Runner.php(65): Cake\Error\Middleware\ErrorHandlerMiddleware->__invoke(Object(Zend\Diactoros\ServerRequest), Object(Zend\Diactoros\Response), Object(Cake\Http\Runner))
#12 /var/www/essentialmastering/vendor/cakephp/cakephp/src/Http/Runner.php(51): Cake\Http\Runner->__invoke(Object(Zend\Diactoros\ServerRequest), Object(Zend\Diactoros\Response))
#13 /var/www/essentialmastering/vendor/cakephp/cakephp/src/Http/Server.php(82): Cake\Http\Runner->run(Object(Cake\Http\MiddlewareQueue), Object(Zend\Diactoros\ServerRequest), Object(Zend\Diactoros\Response))
#14 /var/www/essentialmastering/webroot/index.php(37): Cake\Http\Server->run()
#15 {main}


2018-11-22 11:07:46 Error: [Error] Call to undefined function App\Controller\in_range()
Request URL: /users/pricing/1
Client IP: 127.0.0.1
Stack Trace:
#0 [internal function]: App\Controller\UsersController->pricing('1')
#1 /var/www/essentialmastering/vendor/cakephp/cakephp/src/Controller/Controller.php(435): call_user_func_array(Array, Array)
#2 /var/www/essentialmastering/vendor/cakephp/cakephp/src/Http/ActionDispatcher.php(122): Cake\Controller\Controller->invokeAction()
#3 /var/www/essentialmastering/vendor/cakephp/cakephp/src/Http/ActionDispatcher.php(96): Cake\Http\ActionDispatcher->_invoke(Object(App\Controller\UsersController))
#4 /var/www/essentialmastering/vendor/cakephp/cakephp/src/Http/BaseApplication.php(83): Cake\Http\ActionDispatcher->dispatch(Object(Cake\Network\Request), Object(Cake\Network\Response))
#5 /var/www/essentialmastering/vendor/cakephp/cakephp/src/Http/Runner.php(65): Cake\Http\BaseApplication->__invoke(Object(Zend\Diactoros\ServerRequest), Object(Zend\Diactoros\Response), Object(Cake\Http\Runner))
#6 /var/www/essentialmastering/vendor/cakephp/cakephp/src/Routing/Middleware/RoutingMiddleware.php(52): Cake\Http\Runner->__invoke(Object(Zend\Diactoros\ServerRequest), Object(Zend\Diactoros\Response))
#7 /var/www/essentialmastering/vendor/cakephp/cakephp/src/Http/Runner.php(65): Cake\Routing\Middleware\RoutingMiddleware->__invoke(Object(Zend\Diactoros\ServerRequest), Object(Zend\Diactoros\Response), Object(Cake\Http\Runner))
#8 /var/www/essentialmastering/vendor/cakephp/cakephp/src/Routing/Middleware/AssetMiddleware.php(88): Cake\Http\Runner->__invoke(Object(Zend\Diactoros\ServerRequest), Object(Zend\Diactoros\Response))
#9 /var/www/essentialmastering/vendor/cakephp/cakephp/src/Http/Runner.php(65): Cake\Routing\Middleware\AssetMiddleware->__invoke(Object(Zend\Diactoros\ServerRequest), Object(Zend\Diactoros\Response), Object(Cake\Http\Runner))
#10 /var/www/essentialmastering/vendor/cakephp/cakephp/src/Error/Middleware/ErrorHandlerMiddleware.php(52): Cake\Http\Runner->__invoke(Object(Zend\Diactoros\ServerRequest), Object(Zend\Diactoros\Response))
#11 /var/www/essentialmastering/vendor/cakephp/cakephp/src/Http/Runner.php(65): Cake\Error\Middleware\ErrorHandlerMiddleware->__invoke(Object(Zend\Diactoros\ServerRequest), Object(Zend\Diactoros\Response), Object(Cake\Http\Runner))
#12 /var/www/essentialmastering/vendor/cakephp/cakephp/src/Http/Runner.php(51): Cake\Http\Runner->__invoke(Object(Zend\Diactoros\ServerRequest), Object(Zend\Diactoros\Response))
#13 /var/www/essentialmastering/vendor/cakephp/cakephp/src/Http/Server.php(82): Cake\Http\Runner->run(Object(Cake\Http\MiddlewareQueue), Object(Zend\Diactoros\ServerRequest), Object(Zend\Diactoros\Response))
#14 /var/www/essentialmastering/webroot/index.php(37): Cake\Http\Server->run()
#15 {main}


2018-11-22 11:30:25 Warning: Headers already sent in /var/www/essentialmastering/vendor/cakephp/cakephp/src/Error/Debugger.php:753
2018-11-22 11:30:25 Error: [RuntimeException] Unable to emit response; headers already sent
Request URL: /users/pricing/1
Client IP: 127.0.0.1
Stack Trace:
#0 /var/www/essentialmastering/vendor/cakephp/cakephp/src/Http/Server.php(107): Zend\Diactoros\Response\SapiStreamEmitter->emit(Object(Zend\Diactoros\Response))
#1 /var/www/essentialmastering/webroot/index.php(37): Cake\Http\Server->emit(Object(Zend\Diactoros\Response))
#2 {main}


